Compiling the C compiler identification source file "CMakeCCompilerId.c" failed.
Compiler: C:/MinGW/bin/gcc.exe 
Build flags: 
Id flags:  

The output was:
1
gcc.exe: error: CreateProcess: No such file or directory


Compiling the C compiler identification source file "CMakeCCompilerId.c" failed.
Compiler: C:/MinGW/bin/gcc.exe 
Build flags: 
Id flags: -c 

The output was:
1
gcc.exe: error: CreateProcess: No such file or directory


Compiling the C compiler identification source file "CMakeCCompilerId.c" failed.
Compiler: C:/MinGW/bin/gcc.exe 
Build flags: 
Id flags: -Aa 

The output was:
1
<command-line>:0:1: error: missing '(' after predicate


Compiling the C compiler identification source file "CMakeCCompilerId.c" failed.
Compiler: C:/MinGW/bin/gcc.exe 
Build flags: 
Id flags: -D__CLASSIC_C__ 

The output was:
1
gcc.exe: error: CreateProcess: No such file or directory


Checking whether the C compiler is IAR using "" did not match "IAR .+ Compiler":
gcc.exe: fatal error: no input files
compilation terminated.
Compiling the CXX compiler identification source file "CMakeCXXCompilerId.cpp" failed.
Compiler: C:/MinGW/bin/g++.exe 
Build flags: 
Id flags:  

The output was:
1
g++.exe: error: CreateProcess: No such file or directory


Compiling the CXX compiler identification source file "CMakeCXXCompilerId.cpp" failed.
Compiler: C:/MinGW/bin/g++.exe 
Build flags: 
Id flags: -c 

The output was:
1
g++.exe: error: CreateProcess: No such file or directory


Checking whether the CXX compiler is IAR using "" did not match "IAR .+ Compiler":
g++.exe: fatal error: no input files
compilation terminated.
Determining if the C compiler works failed with the following output:
Change Dir: C:/Users/SUOLONG/CLionProjects/Test/cmake-build-debug/CMakeFiles/CMakeTmp

Run Build Command:"C:/MinGW/bin/mingw32-make.exe" "cmTC_9928f/fast"
C:/MinGW/bin/mingw32-make.exe -f CMakeFiles\cmTC_9928f.dir\build.make CMakeFiles/cmTC_9928f.dir/build
mingw32-make.exe[1]: Entering directory 'C:/Users/SUOLONG/CLionProjects/Test/cmake-build-debug/CMakeFiles/CMakeTmp'
Building C object CMakeFiles/cmTC_9928f.dir/testCCompiler.c.obj
C:\MinGW\bin\gcc.exe    -o CMakeFiles\cmTC_9928f.dir\testCCompiler.c.obj   -c C:\Users\SUOLONG\CLionProjects\Test\cmake-build-debug\CMakeFiles\CMakeTmp\testCCompiler.c
gcc.exe: error: CreateProcess: No such file or directory
CMakeFiles\cmTC_9928f.dir\build.make:64: recipe for target 'CMakeFiles/cmTC_9928f.dir/testCCompiler.c.obj' failed
mingw32-make.exe[1]: *** [CMakeFiles/cmTC_9928f.dir/testCCompiler.c.obj] Error 1
mingw32-make.exe[1]: Leaving directory 'C:/Users/SUOLONG/CLionProjects/Test/cmake-build-debug/CMakeFiles/CMakeTmp'
Makefile:125: recipe for target 'cmTC_9928f/fast' failed
mingw32-make.exe: *** [cmTC_9928f/fast] Error 2


